<?xml version="1.0" encoding="UTF-8"?>
<testsuite xmlns:xsi="http://www.w3.org/2001/XMLSchema-instance" xsi:noNamespaceSchemaLocation="https://maven.apache.org/surefire/maven-surefire-plugin/xsd/surefire-test-report-3.0.xsd" version="3.0" name="com.tzb.oms.OmsServerApplicationTests" time="3.24" tests="1" errors="0" skipped="0" failures="0">
  <properties>
[...]
</properties>
  <testcase name="contextLoads" classname="com.tzb.oms.OmsServerApplicationTests" time="0.364">
    <system-out><![CDATA[17:17:12.243 [main] DEBUG org.springframework.test.context.BootstrapUtils - Instantiating CacheAwareContextLoaderDelegate from class [org.springframework.test.context.cache.DefaultCacheAwareContextLoaderDelegate]
17:17:12.252 [main] DEBUG org.springframework.test.context.BootstrapUtils - Instantiating BootstrapContext using constructor [public org.springframework.test.context.support.DefaultBootstrapContext(java.lang.Class,org.springframework.test.context.CacheAwareContextLoaderDelegate)]
17:17:12.278 [main] DEBUG org.springframework.test.context.BootstrapUtils - Instantiating TestContextBootstrapper for test class [com.tzb.oms.OmsServerApplicationTests] from class [org.springframework.boot.test.context.SpringBootTestContextBootstrapper]
17:17:12.288 [main] INFO org.springframework.boot.test.context.SpringBootTestContextBootstrapper - Neither @ContextConfiguration nor @ContextHierarchy found for test class [com.tzb.oms.OmsServerApplicationTests], using SpringBootContextLoader
17:17:12.290 [main] DEBUG org.springframework.test.context.support.AbstractContextLoader - Did not detect default resource location for test class [com.tzb.oms.OmsServerApplicationTests]: class path resource [com/tzb/oms/OmsServerApplicationTests-context.xml] does not exist
17:17:12.290 [main] DEBUG org.springframework.test.context.support.AbstractContextLoader - Did not detect default resource location for test class [com.tzb.oms.OmsServerApplicationTests]: class path resource [com/tzb/oms/OmsServerApplicationTestsContext.groovy] does not exist
17:17:12.291 [main] INFO org.springframework.test.context.support.AbstractContextLoader - Could not detect default resource locations for test class [com.tzb.oms.OmsServerApplicationTests]: no resource found for suffixes {-context.xml, Context.groovy}.
17:17:12.291 [main] INFO org.springframework.test.context.support.AnnotationConfigContextLoaderUtils - Could not detect default configuration classes for test class [com.tzb.oms.OmsServerApplicationTests]: OmsServerApplicationTests does not declare any static, non-private, non-final, nested classes annotated with @Configuration.
17:17:12.328 [main] DEBUG org.springframework.test.context.support.ActiveProfilesUtils - Could not find an 'annotation declaring class' for annotation type [org.springframework.test.context.ActiveProfiles] and class [com.tzb.oms.OmsServerApplicationTests]
17:17:12.375 [main] DEBUG org.springframework.context.annotation.ClassPathScanningCandidateComponentProvider - Identified candidate component class: file [F:\dev\codework\oms2024\oms-server\target\classes\com\tzb\oms\OmsServerApplication.class]
17:17:12.376 [main] INFO org.springframework.boot.test.context.SpringBootTestContextBootstrapper - Found @SpringBootConfiguration com.tzb.oms.OmsServerApplication for test class com.tzb.oms.OmsServerApplicationTests
17:17:12.450 [main] DEBUG org.springframework.boot.test.context.SpringBootTestContextBootstrapper - @TestExecutionListeners is not present for class [com.tzb.oms.OmsServerApplicationTests]: using defaults.
17:17:12.450 [main] INFO org.springframework.boot.test.context.SpringBootTestContextBootstrapper - Loaded default TestExecutionListener class names from location [META-INF/spring.factories]: [org.springframework.boot.test.mock.mockito.MockitoTestExecutionListener, org.springframework.boot.test.mock.mockito.ResetMocksTestExecutionListener, org.springframework.boot.test.autoconfigure.restdocs.RestDocsTestExecutionListener, org.springframework.boot.test.autoconfigure.web.client.MockRestServiceServerResetTestExecutionListener, org.springframework.boot.test.autoconfigure.web.servlet.MockMvcPrintOnlyOnFailureTestExecutionListener, org.springframework.boot.test.autoconfigure.web.servlet.WebDriverTestExecutionListener, org.springframework.boot.test.autoconfigure.webservices.client.MockWebServiceServerTestExecutionListener, org.springframework.test.context.web.ServletTestExecutionListener, org.springframework.test.context.support.DirtiesContextBeforeModesTestExecutionListener, org.springframework.test.context.event.ApplicationEventsTestExecutionListener, org.springframework.test.context.support.DependencyInjectionTestExecutionListener, org.springframework.test.context.support.DirtiesContextTestExecutionListener, org.springframework.test.context.transaction.TransactionalTestExecutionListener, org.springframework.test.context.jdbc.SqlScriptsTestExecutionListener, org.springframework.test.context.event.EventPublishingTestExecutionListener]
17:17:12.465 [main] INFO org.springframework.boot.test.context.SpringBootTestContextBootstrapper - Using TestExecutionListeners: [org.springframework.test.context.web.ServletTestExecutionListener@6f3c660a, org.springframework.test.context.support.DirtiesContextBeforeModesTestExecutionListener@74f5ce22, org.springframework.test.context.event.ApplicationEventsTestExecutionListener@25aca718, org.springframework.boot.test.mock.mockito.MockitoTestExecutionListener@16fdec90, org.springframework.boot.test.autoconfigure.SpringBootDependencyInjectionTestExecutionListener@1afdd473, org.springframework.test.context.support.DirtiesContextTestExecutionListener@40238dd0, org.springframework.test.context.transaction.TransactionalTestExecutionListener@7776ab, org.springframework.test.context.jdbc.SqlScriptsTestExecutionListener@79179359, org.springframework.test.context.event.EventPublishingTestExecutionListener@dbd8e44, org.springframework.boot.test.mock.mockito.ResetMocksTestExecutionListener@51acdf2e, org.springframework.boot.test.autoconfigure.restdocs.RestDocsTestExecutionListener@6a55299e, org.springframework.boot.test.autoconfigure.web.client.MockRestServiceServerResetTestExecutionListener@2f1de2d6, org.springframework.boot.test.autoconfigure.web.servlet.MockMvcPrintOnlyOnFailureTestExecutionListener@4eb386df, org.springframework.boot.test.autoconfigure.web.servlet.WebDriverTestExecutionListener@79517588, org.springframework.boot.test.autoconfigure.webservices.client.MockWebServiceServerTestExecutionListener@3a0baae5]
17:17:12.468 [main] DEBUG org.springframework.test.context.support.AbstractDirtiesContextTestExecutionListener - Before test class: context [DefaultTestContext@5a709816 testClass = OmsServerApplicationTests, testInstance = [null], testMethod = [null], testException = [null], mergedContextConfiguration = [WebMergedContextConfiguration@78383390 testClass = OmsServerApplicationTests, locations = '{}', classes = '{class com.tzb.oms.OmsServerApplication}', contextInitializerClasses = '[]', activeProfiles = '{}', propertySourceLocations = '{}', propertySourceProperties = '{org.springframework.boot.test.context.SpringBootTestContextBootstrapper=true}', contextCustomizers = set[org.springframework.boot.test.context.filter.ExcludeFilterContextCustomizer@8f2ef19, org.springframework.boot.test.json.DuplicateJsonObjectContextCustomizerFactory$DuplicateJsonObjectContextCustomizer@7674f035, org.springframework.boot.test.mock.mockito.MockitoContextCustomizer@0, org.springframework.boot.test.web.client.TestRestTemplateContextCustomizer@1cf6d1be, org.springframework.boot.test.autoconfigure.actuate.metrics.MetricsExportContextCustomizerFactory$DisableMetricExportContextCustomizer@53fb3dab, org.springframework.boot.test.autoconfigure.properties.PropertyMappingContextCustomizer@0, org.springframework.boot.test.autoconfigure.web.servlet.WebDriverContextCustomizerFactory$Customizer@2cb4893b, org.springframework.boot.test.context.SpringBootTestArgs@1, org.springframework.boot.test.context.SpringBootTestWebEnvironment@69379752], resourceBasePath = 'src/main/webapp', contextLoader = 'org.springframework.boot.test.context.SpringBootContextLoader', parent = [null]], attributes = map['org.springframework.test.context.web.ServletTestExecutionListener.activateListener' -> true]], class annotated with @DirtiesContext [false] with mode [null].

  .   ____          _            __ _ _
 /\\ / ___'_ __ _ _(_)_ __  __ _ \ \ \ \
( ( )\___ | '_ | '_| | '_ \/ _` | \ \ \ \
 \\/  ___)| |_)| | | | | || (_| |  ) ) ) )
  '  |____| .__|_| |_|_| |_\__, | / / / /
 =========|_|==============|___/=/_/_/_/
 :: Spring Boot ::               (v2.6.13)

2024-05-20 17:17:12.699  INFO 11928 --- [           main] com.tzb.oms.OmsServerApplicationTests    : Starting OmsServerApplicationTests using Java 17.0.1 on AMYLI with PID 11928 (started by 86156 in F:\dev\codework\oms2024\oms-server)
2024-05-20 17:17:12.700  INFO 11928 --- [           main] com.tzb.oms.OmsServerApplicationTests    : No active profile set, falling back to 1 default profile: "default"
2024-05-20 17:17:13.196  INFO 11928 --- [           main] .s.d.r.c.RepositoryConfigurationDelegate : Multiple Spring Data modules found, entering strict repository configuration mode
2024-05-20 17:17:13.199  INFO 11928 --- [           main] .s.d.r.c.RepositoryConfigurationDelegate : Bootstrapping Spring Data Redis repositories in DEFAULT mode.
2024-05-20 17:17:13.223  INFO 11928 --- [           main] .s.d.r.c.RepositoryConfigurationDelegate : Finished Spring Data repository scanning in 12 ms. Found 0 Redis repository interfaces.
Logging initialized using 'class org.apache.ibatis.logging.stdout.StdOutImpl' adapter.
Parsed mapper file: 'file [F:\dev\codework\oms2024\oms-server\target\classes\mapper\CustomerMapper.xml]'
Parsed mapper file: 'file [F:\dev\codework\oms2024\oms-server\target\classes\mapper\FactoryMapper.xml]'
Parsed mapper file: 'file [F:\dev\codework\oms2024\oms-server\target\classes\mapper\MarkMapper.xml]'
Parsed mapper file: 'file [F:\dev\codework\oms2024\oms-server\target\classes\mapper\OrderCodeMapper.xml]'
Parsed mapper file: 'file [F:\dev\codework\oms2024\oms-server\target\classes\mapper\StyleColorMapper.xml]'
Parsed mapper file: 'file [F:\dev\codework\oms2024\oms-server\target\classes\mapper\StyleNumberMapper.xml]'
Parsed mapper file: 'file [F:\dev\codework\oms2024\oms-server\target\classes\mapper\StyleSizeMapper.xml]'
Parsed mapper file: 'file [F:\dev\codework\oms2024\oms-server\target\classes\mapper\UserMapper.xml]'
2024-05-20 17:17:15.049  INFO 11928 --- [           main] com.tzb.oms.OmsServerApplicationTests    : Started OmsServerApplicationTests in 2.546 seconds (JVM running for 3.633)
]]></system-out>
  </testcase>
</testsuite>